<?xml version="1.0" ?>
<testsuites disabled="0" errors="0" failures="2" tests="237" time="0.0">
	<testsuite disabled="0" errors="0" failures="2" name="terraform scan" skipped="8" tests="237" time="0">
		<properties>
			<property name="directory" value="['/tf']"/>
			<property name="add_check" value="False"/>
			<property name="list" value="False"/>
			<property name="output" value="['junitxml']"/>
			<property name="output_file_path" value="results_corregido_b.xml"/>
			<property name="output_bc_ids" value="False"/>
			<property name="include_all_checkov_policies" value="True"/>
			<property name="quiet" value="False"/>
			<property name="compact" value="False"/>
			<property name="framework" value="['all']"/>
			<property name="skip_framework" value="[]"/>
			<property name="run_all_external_checks" value="False"/>
			<property name="soft_fail" value="False"/>
			<property name="skip_results_upload" value="False"/>
			<property name="repo_id" value="cli_repo/tf"/>
			<property name="branch" value="master"/>
			<property name="skip_download" value="False"/>
			<property name="use_enforcement_rules" value="False"/>
			<property name="external_modules_download_path" value=".external_modules"/>
			<property name="evaluate_variables" value="True"/>
			<property name="no_cert_verify" value="False"/>
			<property name="create_baseline" value="False"/>
			<property name="output_baseline_as_skipped" value="False"/>
			<property name="secrets_scan_file_type" value="[]"/>
			<property name="enable_secret_scan_all_files" value="False"/>
			<property name="block_list_secret_scan" value="[]"/>
			<property name="summary_position" value="top"/>
			<property name="skip_resources_without_violations" value="False"/>
			<property name="deep_analysis" value="False"/>
			<property name="no_fail_on_crash" value="False"/>
			<property name="mask" value="defaultdict(&lt;class 'set'&gt;, {})"/>
			<property name="scan_secrets_history" value="False"/>
			<property name="secrets_history_timeout" value="12h"/>
			<property name="custom_tool_name" value="Checkov"/>
		</properties>
		<testcase name="[NONE][CKV_AWS_338] Ensure CloudWatch log groups retains logs for at least 1 year" classname="/main.tf.aws_cloudwatch_log_group.vpc_flow_logs" file="/main.tf"/>
		<testcase name="[NONE][CKV_AWS_66] Ensure that CloudWatch Log Group specifies retention days" classname="/main.tf.aws_cloudwatch_log_group.vpc_flow_logs" file="/main.tf"/>
		<testcase name="[NONE][CKV_AWS_158] Ensure that CloudWatch Log Group is encrypted by KMS" classname="/main.tf.aws_cloudwatch_log_group.vpc_flow_logs" file="/main.tf"/>
		<testcase name="[NONE][CKV_AWS_274] Disallow IAM roles, users, and groups from using the AWS AdministratorAccess policy" classname="/main.tf.aws_iam_role.vpc_flow_logs" file="/main.tf"/>
		<testcase name="[NONE][CKV_AWS_60] Ensure IAM role allows only specific services or principals to assume it" classname="/main.tf.aws_iam_role.vpc_flow_logs" file="/main.tf"/>
		<testcase name="[NONE][CKV_AWS_61] Ensure AWS IAM policy does not allow assume role permission across all services" classname="/main.tf.aws_iam_role.vpc_flow_logs" file="/main.tf"/>
		<testcase name="[NONE][CKV_AWS_393] Ensure AWS GitHub Actions OIDC authorization policies only allow safe claims and claim order on IAM role" classname="/main.tf.aws_iam_role.vpc_flow_logs" file="/main.tf"/>
		<testcase name="[NONE][CKV_AWS_286] Ensure IAM policies does not allow privilege escalation" classname="/main.tf.aws_iam_role_policy.vpc_flow_logs" file="/main.tf"/>
		<testcase name="[NONE][CKV_AWS_287] Ensure IAM policies does not allow credentials exposure" classname="/main.tf.aws_iam_role_policy.vpc_flow_logs" file="/main.tf"/>
		<testcase name="[NONE][CKV_AWS_289] Ensure IAM policies does not allow permissions management / resource exposure without constraints" classname="/main.tf.aws_iam_role_policy.vpc_flow_logs" file="/main.tf"/>
		<testcase name="[NONE][CKV_AWS_63] Ensure no IAM policies documents allow &quot;*&quot; as a statement's actions" classname="/main.tf.aws_iam_role_policy.vpc_flow_logs" file="/main.tf"/>
		<testcase name="[NONE][CKV_AWS_355] Ensure no IAM policies documents allow &quot;*&quot; as a statement's resource for restrictable actions" classname="/main.tf.aws_iam_role_policy.vpc_flow_logs" file="/main.tf"/>
		<testcase name="[NONE][CKV_AWS_290] Ensure IAM policies does not allow write access without constraints" classname="/main.tf.aws_iam_role_policy.vpc_flow_logs" file="/main.tf"/>
		<testcase name="[NONE][CKV_AWS_288] Ensure IAM policies does not allow data exfiltration" classname="/main.tf.aws_iam_role_policy.vpc_flow_logs" file="/main.tf"/>
		<testcase name="[NONE][CKV_AWS_62] Ensure IAM policies that allow full &quot;*-*&quot; administrative privileges are not created" classname="/main.tf.aws_iam_role_policy.vpc_flow_logs" file="/main.tf"/>
		<testcase name="[NONE][CKV_AWS_110] Ensure IAM policies does not allow privilege escalation" classname="/modules/backup/main.tf.module.backup.aws_iam_policy_document.backup_assume_role" file="/modules/backup/main.tf"/>
		<testcase name="[NONE][CKV_AWS_107] Ensure IAM policies does not allow credentials exposure" classname="/modules/backup/main.tf.module.backup.aws_iam_policy_document.backup_assume_role" file="/modules/backup/main.tf"/>
		<testcase name="[NONE][CKV_AWS_109] Ensure IAM policies does not allow permissions management / resource exposure without constraints" classname="/modules/backup/main.tf.module.backup.aws_iam_policy_document.backup_assume_role" file="/modules/backup/main.tf"/>
		<testcase name="[NONE][CKV_AWS_49] Ensure no IAM policies documents allow &quot;*&quot; as a statement's actions" classname="/modules/backup/main.tf.module.backup.aws_iam_policy_document.backup_assume_role" file="/modules/backup/main.tf"/>
		<testcase name="[NONE][CKV_AWS_283] Ensure no IAM policies documents allow ALL or any AWS principal permissions to the resource" classname="/modules/backup/main.tf.module.backup.aws_iam_policy_document.backup_assume_role" file="/modules/backup/main.tf"/>
		<testcase name="[NONE][CKV_AWS_1] Ensure IAM policies that allow full &quot;*-*&quot; administrative privileges are not created" classname="/modules/backup/main.tf.module.backup.aws_iam_policy_document.backup_assume_role" file="/modules/backup/main.tf"/>
		<testcase name="[NONE][CKV_AWS_356] Ensure no IAM policies documents allow &quot;*&quot; as a statement's resource for restrictable actions" classname="/modules/backup/main.tf.module.backup.aws_iam_policy_document.backup_assume_role" file="/modules/backup/main.tf"/>
		<testcase name="[NONE][CKV_AWS_111] Ensure IAM policies does not allow write access without constraints" classname="/modules/backup/main.tf.module.backup.aws_iam_policy_document.backup_assume_role" file="/modules/backup/main.tf"/>
		<testcase name="[NONE][CKV_AWS_108] Ensure IAM policies does not allow data exfiltration" classname="/modules/backup/main.tf.module.backup.aws_iam_policy_document.backup_assume_role" file="/modules/backup/main.tf"/>
		<testcase name="[NONE][CKV_AWS_358] Ensure AWS GitHub Actions OIDC authorization policies only allow safe claims and claim order" classname="/modules/backup/main.tf.module.backup.aws_iam_policy_document.backup_assume_role" file="/modules/backup/main.tf"/>
		<testcase name="[NONE][CKV_AWS_274] Disallow IAM roles, users, and groups from using the AWS AdministratorAccess policy" classname="/modules/backup/main.tf.module.backup.aws_iam_role.backup" file="/modules/backup/main.tf"/>
		<testcase name="[NONE][CKV_AWS_60] Ensure IAM role allows only specific services or principals to assume it" classname="/modules/backup/main.tf.module.backup.aws_iam_role.backup" file="/modules/backup/main.tf"/>
		<testcase name="[NONE][CKV_AWS_61] Ensure AWS IAM policy does not allow assume role permission across all services" classname="/modules/backup/main.tf.module.backup.aws_iam_role.backup" file="/modules/backup/main.tf"/>
		<testcase name="[NONE][CKV_AWS_393] Ensure AWS GitHub Actions OIDC authorization policies only allow safe claims and claim order on IAM role" classname="/modules/backup/main.tf.module.backup.aws_iam_role.backup" file="/modules/backup/main.tf"/>
		<testcase name="[NONE][CKV_AWS_274] Disallow IAM roles, users, and groups from using the AWS AdministratorAccess policy" classname="/modules/backup/main.tf.module.backup.aws_iam_role_policy_attachment.backup_policy" file="/modules/backup/main.tf"/>
		<testcase name="[NONE][CKV_AWS_274] Disallow IAM roles, users, and groups from using the AWS AdministratorAccess policy" classname="/modules/backup/main.tf.module.backup.aws_iam_role_policy_attachment.restore_policy" file="/modules/backup/main.tf"/>
		<testcase name="[NONE][CKV_AWS_274] Disallow IAM roles, users, and groups from using the AWS AdministratorAccess policy" classname="/modules/backup/main.tf.module.backup.aws_iam_role_policy_attachment.s3_backup_policy" file="/modules/backup/main.tf"/>
		<testcase name="[NONE][CKV_AWS_274] Disallow IAM roles, users, and groups from using the AWS AdministratorAccess policy" classname="/modules/backup/main.tf.module.backup.aws_iam_role_policy_attachment.s3_restore_policy" file="/modules/backup/main.tf"/>
		<testcase name="[NONE][CKV_AWS_166] Ensure Backup Vault is encrypted at rest using KMS CMK" classname="/modules/backup/main.tf.module.backup.aws_backup_vault.main" file="/modules/backup/main.tf"/>
		<testcase name="[NONE][CKV_AWS_30] Ensure all data stored in the ElastiCache Replication Group is securely encrypted at transit" classname="/modules/cache/main.tf.module.cache.aws_elasticache_replication_group.main" file="/modules/cache/main.tf"/>
		<testcase name="[NONE][CKV_AWS_31] Ensure all data stored in the ElastiCache Replication Group is securely encrypted at transit and has auth token" classname="/modules/cache/main.tf.module.cache.aws_elasticache_replication_group.main" file="/modules/cache/main.tf"/>
		<testcase name="[NONE][CKV_AWS_29] Ensure all data stored in the ElastiCache Replication Group is securely encrypted at rest" classname="/modules/cache/main.tf.module.cache.aws_elasticache_replication_group.main" file="/modules/cache/main.tf"/>
		<testcase name="[NONE][CKV_AWS_191] Ensure ElastiCache replication group is encrypted by KMS using a customer managed Key (CMK)" classname="/modules/cache/main.tf.module.cache.aws_elasticache_replication_group.main" file="/modules/cache/main.tf"/>
		<testcase name="[NONE][CKV_AWS_86] Ensure CloudFront distribution has Access Logging enabled" classname="/modules/cdn/main.tf.module.cdn.aws_cloudfront_distribution.frontend" file="/modules/cdn/main.tf"/>
		<testcase name="[NONE][CKV_AWS_34] Ensure CloudFront distribution ViewerProtocolPolicy is set to HTTPS" classname="/modules/cdn/main.tf.module.cdn.aws_cloudfront_distribution.frontend" file="/modules/cdn/main.tf"/>
		<testcase name="[NONE][CKV_AWS_374] Ensure AWS CloudFront web distribution has geo restriction enabled" classname="/modules/cdn/main.tf.module.cdn.aws_cloudfront_distribution.frontend" file="/modules/cdn/main.tf"/>
		<testcase name="[NONE][CKV_AWS_68] CloudFront Distribution should have WAF enabled" classname="/modules/cdn/main.tf.module.cdn.aws_cloudfront_distribution.frontend" file="/modules/cdn/main.tf"/>
		<testcase name="[NONE][CKV_AWS_216] Ensure CloudFront distribution is enabled" classname="/modules/cdn/main.tf.module.cdn.aws_cloudfront_distribution.frontend" file="/modules/cdn/main.tf"/>
		<testcase name="[NONE][CKV_AWS_174] Verify CloudFront Distribution Viewer Certificate is using TLS v1.2 or higher" classname="/modules/cdn/main.tf.module.cdn.aws_cloudfront_distribution.frontend" file="/modules/cdn/main.tf"/>
		<testcase name="[NONE][CKV_AWS_305] Ensure CloudFront distribution has a default root object configured" classname="/modules/cdn/main.tf.module.cdn.aws_cloudfront_distribution.frontend" file="/modules/cdn/main.tf"/>
		<testcase name="[NONE][CKV_AWS_110] Ensure IAM policies does not allow privilege escalation" classname="/modules/config/secrets.tf.module.config.aws_iam_policy_document.secrets_read_access" file="/modules/config/secrets.tf"/>
		<testcase name="[NONE][CKV_AWS_107] Ensure IAM policies does not allow credentials exposure" classname="/modules/config/secrets.tf.module.config.aws_iam_policy_document.secrets_read_access" file="/modules/config/secrets.tf"/>
		<testcase name="[NONE][CKV_AWS_109] Ensure IAM policies does not allow permissions management / resource exposure without constraints" classname="/modules/config/secrets.tf.module.config.aws_iam_policy_document.secrets_read_access" file="/modules/config/secrets.tf"/>
		<testcase name="[NONE][CKV_AWS_49] Ensure no IAM policies documents allow &quot;*&quot; as a statement's actions" classname="/modules/config/secrets.tf.module.config.aws_iam_policy_document.secrets_read_access" file="/modules/config/secrets.tf"/>
		<testcase name="[NONE][CKV_AWS_283] Ensure no IAM policies documents allow ALL or any AWS principal permissions to the resource" classname="/modules/config/secrets.tf.module.config.aws_iam_policy_document.secrets_read_access" file="/modules/config/secrets.tf"/>
		<testcase name="[NONE][CKV_AWS_1] Ensure IAM policies that allow full &quot;*-*&quot; administrative privileges are not created" classname="/modules/config/secrets.tf.module.config.aws_iam_policy_document.secrets_read_access" file="/modules/config/secrets.tf"/>
		<testcase name="[NONE][CKV_AWS_356] Ensure no IAM policies documents allow &quot;*&quot; as a statement's resource for restrictable actions" classname="/modules/config/secrets.tf.module.config.aws_iam_policy_document.secrets_read_access" file="/modules/config/secrets.tf"/>
		<testcase name="[NONE][CKV_AWS_111] Ensure IAM policies does not allow write access without constraints" classname="/modules/config/secrets.tf.module.config.aws_iam_policy_document.secrets_read_access" file="/modules/config/secrets.tf"/>
		<testcase name="[NONE][CKV_AWS_108] Ensure IAM policies does not allow data exfiltration" classname="/modules/config/secrets.tf.module.config.aws_iam_policy_document.secrets_read_access" file="/modules/config/secrets.tf"/>
		<testcase name="[NONE][CKV_AWS_358] Ensure AWS GitHub Actions OIDC authorization policies only allow safe claims and claim order" classname="/modules/config/secrets.tf.module.config.aws_iam_policy_document.secrets_read_access" file="/modules/config/secrets.tf"/>
		<testcase name="[NONE][CKV_AWS_149] Ensure that Secrets Manager secret is encrypted using KMS CMK" classname="/modules/config/secrets.tf.module.config.aws_secretsmanager_secret.api_keys" file="/modules/config/secrets.tf"/>
		<testcase name="[NONE][CKV_AWS_149] Ensure that Secrets Manager secret is encrypted using KMS CMK" classname="/modules/config/secrets.tf.module.config.aws_secretsmanager_secret.jwt_config" file="/modules/config/secrets.tf"/>
		<testcase name="[NONE][CKV_AWS_149] Ensure that Secrets Manager secret is encrypted using KMS CMK" classname="/modules/config/secrets.tf.module.config.aws_secretsmanager_secret.database" file="/modules/config/secrets.tf"/>
		<testcase name="[NONE][CKV_AWS_110] Ensure IAM policies does not allow privilege escalation" classname="/modules/config/ssm_parameters.tf.module.config.aws_iam_policy_document.ssm_read_access" file="/modules/config/ssm_parameters.tf"/>
		<testcase name="[NONE][CKV_AWS_107] Ensure IAM policies does not allow credentials exposure" classname="/modules/config/ssm_parameters.tf.module.config.aws_iam_policy_document.ssm_read_access" file="/modules/config/ssm_parameters.tf"/>
		<testcase name="[NONE][CKV_AWS_109] Ensure IAM policies does not allow permissions management / resource exposure without constraints" classname="/modules/config/ssm_parameters.tf.module.config.aws_iam_policy_document.ssm_read_access" file="/modules/config/ssm_parameters.tf"/>
		<testcase name="[NONE][CKV_AWS_49] Ensure no IAM policies documents allow &quot;*&quot; as a statement's actions" classname="/modules/config/ssm_parameters.tf.module.config.aws_iam_policy_document.ssm_read_access" file="/modules/config/ssm_parameters.tf"/>
		<testcase name="[NONE][CKV_AWS_283] Ensure no IAM policies documents allow ALL or any AWS principal permissions to the resource" classname="/modules/config/ssm_parameters.tf.module.config.aws_iam_policy_document.ssm_read_access" file="/modules/config/ssm_parameters.tf"/>
		<testcase name="[NONE][CKV_AWS_1] Ensure IAM policies that allow full &quot;*-*&quot; administrative privileges are not created" classname="/modules/config/ssm_parameters.tf.module.config.aws_iam_policy_document.ssm_read_access" file="/modules/config/ssm_parameters.tf"/>
		<testcase name="[NONE][CKV_AWS_356] Ensure no IAM policies documents allow &quot;*&quot; as a statement's resource for restrictable actions" classname="/modules/config/ssm_parameters.tf.module.config.aws_iam_policy_document.ssm_read_access" file="/modules/config/ssm_parameters.tf"/>
		<testcase name="[NONE][CKV_AWS_111] Ensure IAM policies does not allow write access without constraints" classname="/modules/config/ssm_parameters.tf.module.config.aws_iam_policy_document.ssm_read_access" file="/modules/config/ssm_parameters.tf"/>
		<testcase name="[NONE][CKV_AWS_108] Ensure IAM policies does not allow data exfiltration" classname="/modules/config/ssm_parameters.tf.module.config.aws_iam_policy_document.ssm_read_access" file="/modules/config/ssm_parameters.tf"/>
		<testcase name="[NONE][CKV_AWS_358] Ensure AWS GitHub Actions OIDC authorization policies only allow safe claims and claim order" classname="/modules/config/ssm_parameters.tf.module.config.aws_iam_policy_document.ssm_read_access" file="/modules/config/ssm_parameters.tf"/>
		<testcase name="[NONE][CKV_AWS_337] Ensure SSM parameters are using KMS CMK" classname="/modules/config/ssm_parameters.tf.module.config.aws_ssm_parameter.config" file="/modules/config/ssm_parameters.tf"/>
		<testcase name="[NONE][CKV_AWS_118] Ensure that enhanced monitoring is enabled for Amazon RDS instances" classname="/modules/database/main.tf.module.database.aws_db_instance.main" file="/modules/database/main.tf"/>
		<testcase name="[NONE][CKV_AWS_293] Ensure that AWS database instances have deletion protection enabled" classname="/modules/database/main.tf.module.database.aws_db_instance.main" file="/modules/database/main.tf"/>
		<testcase name="[NONE][CKV_AWS_161] Ensure RDS database has IAM authentication enabled" classname="/modules/database/main.tf.module.database.aws_db_instance.main" file="/modules/database/main.tf"/>
		<testcase name="[NONE][CKV_AWS_226] Ensure DB instance gets all minor upgrades automatically" classname="/modules/database/main.tf.module.database.aws_db_instance.main" file="/modules/database/main.tf"/>
		<testcase name="[NONE][CKV_AWS_133] Ensure that RDS instances has backup policy" classname="/modules/database/main.tf.module.database.aws_db_instance.main" file="/modules/database/main.tf"/>
		<testcase name="[NONE][CKV_AWS_211] Ensure RDS uses a modern CaCert" classname="/modules/database/main.tf.module.database.aws_db_instance.main" file="/modules/database/main.tf"/>
		<testcase name="[NONE][CKV_AWS_129] Ensure that respective logs of Amazon Relational Database Service (Amazon RDS) are enabled" classname="/modules/database/main.tf.module.database.aws_db_instance.main" file="/modules/database/main.tf"/>
		<testcase name="[NONE][CKV_AWS_388] Ensure AWS Aurora PostgreSQL is not exposed to local file read vulnerability" classname="/modules/database/main.tf.module.database.aws_db_instance.main" file="/modules/database/main.tf"/>
		<testcase name="[NONE][CKV_AWS_353] Ensure that RDS instances have performance insights enabled" classname="/modules/database/main.tf.module.database.aws_db_instance.main" file="/modules/database/main.tf"/>
		<testcase name="[NONE][CKV_AWS_16] Ensure all data stored in the RDS is securely encrypted at rest" classname="/modules/database/main.tf.module.database.aws_db_instance.main" file="/modules/database/main.tf"/>
		<testcase name="[NONE][CKV_AWS_354] Ensure RDS Performance Insights are encrypted using KMS CMKs" classname="/modules/database/main.tf.module.database.aws_db_instance.main" file="/modules/database/main.tf"/>
		<testcase name="[NONE][CKV_AWS_250] Ensure that RDS PostgreSQL instances use a non vulnerable version with the log_fdw extension (https://aws.amazon.com/security/security-bulletins/AWS-2022-004/)" classname="/modules/database/main.tf.module.database.aws_db_instance.main" file="/modules/database/main.tf"/>
		<testcase name="[NONE][CKV_AWS_157] Ensure that RDS instances have Multi-AZ enabled" classname="/modules/database/main.tf.module.database.aws_db_instance.main" file="/modules/database/main.tf"/>
		<testcase name="[NONE][CKV_AWS_17] Ensure all data stored in RDS is not publicly accessible" classname="/modules/database/main.tf.module.database.aws_db_instance.main" file="/modules/database/main.tf"/>
		<testcase name="[NONE][CKV_AWS_274] Disallow IAM roles, users, and groups from using the AWS AdministratorAccess policy" classname="/modules/database/main.tf.module.database.aws_iam_role.rds_monitoring" file="/modules/database/main.tf"/>
		<testcase name="[NONE][CKV_AWS_60] Ensure IAM role allows only specific services or principals to assume it" classname="/modules/database/main.tf.module.database.aws_iam_role.rds_monitoring" file="/modules/database/main.tf"/>
		<testcase name="[NONE][CKV_AWS_61] Ensure AWS IAM policy does not allow assume role permission across all services" classname="/modules/database/main.tf.module.database.aws_iam_role.rds_monitoring" file="/modules/database/main.tf"/>
		<testcase name="[NONE][CKV_AWS_393] Ensure AWS GitHub Actions OIDC authorization policies only allow safe claims and claim order on IAM role" classname="/modules/database/main.tf.module.database.aws_iam_role.rds_monitoring" file="/modules/database/main.tf"/>
		<testcase name="[NONE][CKV_AWS_274] Disallow IAM roles, users, and groups from using the AWS AdministratorAccess policy" classname="/modules/database/main.tf.module.database.aws_iam_role_policy_attachment.rds_monitoring" file="/modules/database/main.tf"/>
		<testcase name="[NONE][CKV_AWS_168] Ensure SQS queue policy is not public by only allowing specific services or principals to access it" classname="/modules/messaging/main.tf.module.messaging.aws_sqs_queue.dlq" file="/modules/messaging/main.tf"/>
		<testcase name="[NONE][CKV_AWS_27] Ensure all data stored in the SQS queue is encrypted" classname="/modules/messaging/main.tf.module.messaging.aws_sqs_queue.dlq" file="/modules/messaging/main.tf"/>
		<testcase name="[NONE][CKV_AWS_168] Ensure SQS queue policy is not public by only allowing specific services or principals to access it" classname="/modules/messaging/main.tf.module.messaging.aws_sqs_queue.main" file="/modules/messaging/main.tf"/>
		<testcase name="[NONE][CKV_AWS_27] Ensure all data stored in the SQS queue is encrypted" classname="/modules/messaging/main.tf.module.messaging.aws_sqs_queue.main" file="/modules/messaging/main.tf"/>
		<testcase name="[NONE][CKV_AWS_130] Ensure VPC subnets do not assign public IP by default" classname="/modules/networking/subnets.tf.module.networking.aws_subnet.public" file="/modules/networking/subnets.tf"/>
		<testcase name="[NONE][CKV_AWS_130] Ensure VPC subnets do not assign public IP by default" classname="/modules/networking/subnets.tf.module.networking.aws_subnet.private_app" file="/modules/networking/subnets.tf"/>
		<testcase name="[NONE][CKV_AWS_130] Ensure VPC subnets do not assign public IP by default" classname="/modules/networking/subnets.tf.module.networking.aws_subnet.private_data" file="/modules/networking/subnets.tf"/>
		<testcase name="[NONE][CKV_AWS_26] Ensure all data stored in the SNS topic is encrypted" classname="/modules/observability/main.tf.module.observability.aws_sns_topic.alerts" file="/modules/observability/main.tf"/>
		<testcase name="[NONE][CKV_AWS_66] Ensure that CloudWatch Log Group specifies retention days" classname="/modules/observability/main.tf.module.observability.aws_cloudwatch_log_group.ecs_app" file="/modules/observability/main.tf"/>
		<testcase name="[NONE][CKV_AWS_158] Ensure that CloudWatch Log Group is encrypted by KMS" classname="/modules/observability/main.tf.module.observability.aws_cloudwatch_log_group.ecs_app" file="/modules/observability/main.tf"/>
		<testcase name="[NONE][CKV_AWS_66] Ensure that CloudWatch Log Group specifies retention days" classname="/modules/observability/main.tf.module.observability.aws_cloudwatch_log_group.xray" file="/modules/observability/main.tf"/>
		<testcase name="[NONE][CKV_AWS_158] Ensure that CloudWatch Log Group is encrypted by KMS" classname="/modules/observability/main.tf.module.observability.aws_cloudwatch_log_group.xray" file="/modules/observability/main.tf"/>
		<testcase name="[NONE][CKV_AWS_319] Ensure that CloudWatch alarm actions are enabled" classname="/modules/observability/main.tf.module.observability.aws_cloudwatch_metric_alarm.ecs_high_cpu" file="/modules/observability/main.tf"/>
		<testcase name="[NONE][CKV_AWS_319] Ensure that CloudWatch alarm actions are enabled" classname="/modules/observability/main.tf.module.observability.aws_cloudwatch_metric_alarm.ecs_high_memory" file="/modules/observability/main.tf"/>
		<testcase name="[NONE][CKV_AWS_319] Ensure that CloudWatch alarm actions are enabled" classname="/modules/observability/main.tf.module.observability.aws_cloudwatch_metric_alarm.alb_5xx_errors" file="/modules/observability/main.tf"/>
		<testcase name="[NONE][CKV_AWS_319] Ensure that CloudWatch alarm actions are enabled" classname="/modules/observability/main.tf.module.observability.aws_cloudwatch_metric_alarm.alb_unhealthy_targets" file="/modules/observability/main.tf"/>
		<testcase name="[NONE][CKV_AWS_319] Ensure that CloudWatch alarm actions are enabled" classname="/modules/observability/main.tf.module.observability.aws_cloudwatch_metric_alarm.alb_high_latency" file="/modules/observability/main.tf"/>
		<testcase name="[NONE][CKV_AWS_33] Ensure KMS key policy does not contain wildcard (*) principal" classname="/modules/security/kms.tf.module.security.aws_kms_key.main" file="/modules/security/kms.tf"/>
		<testcase name="[NONE][CKV_AWS_227] Ensure KMS key is enabled" classname="/modules/security/kms.tf.module.security.aws_kms_key.main" file="/modules/security/kms.tf"/>
		<testcase name="[NONE][CKV_AWS_7] Ensure rotation for customer created CMKs is enabled" classname="/modules/security/kms.tf.module.security.aws_kms_key.main" file="/modules/security/kms.tf"/>
		<testcase name="[NONE][CKV_AWS_382] Ensure no security groups allow egress from 0.0.0.0:0 to port -1" classname="/modules/security/security_groups.tf.module.security.aws_security_group.alb" file="/modules/security/security_groups.tf"/>
		<testcase name="[NONE][CKV_AWS_260] Ensure no security groups allow ingress from 0.0.0.0:0 to port 80" classname="/modules/security/security_groups.tf.module.security.aws_security_group.alb" file="/modules/security/security_groups.tf"/>
		<testcase name="[NONE][CKV_AWS_277] Ensure no security groups allow ingress from 0.0.0.0:0 to port -1" classname="/modules/security/security_groups.tf.module.security.aws_security_group.alb" file="/modules/security/security_groups.tf"/>
		<testcase name="[NONE][CKV_AWS_25] Ensure no security groups allow ingress from 0.0.0.0:0 to port 3389" classname="/modules/security/security_groups.tf.module.security.aws_security_group.alb" file="/modules/security/security_groups.tf"/>
		<testcase name="[NONE][CKV_AWS_23] Ensure every security group and rule has a description" classname="/modules/security/security_groups.tf.module.security.aws_security_group.alb" file="/modules/security/security_groups.tf"/>
		<testcase name="[NONE][CKV_AWS_24] Ensure no security groups allow ingress from 0.0.0.0:0 to port 22" classname="/modules/security/security_groups.tf.module.security.aws_security_group.alb" file="/modules/security/security_groups.tf"/>
		<testcase name="[NONE][CKV_AWS_382] Ensure no security groups allow egress from 0.0.0.0:0 to port -1" classname="/modules/security/security_groups.tf.module.security.aws_security_group.backend" file="/modules/security/security_groups.tf"/>
		<testcase name="[NONE][CKV_AWS_260] Ensure no security groups allow ingress from 0.0.0.0:0 to port 80" classname="/modules/security/security_groups.tf.module.security.aws_security_group.backend" file="/modules/security/security_groups.tf"/>
		<testcase name="[NONE][CKV_AWS_277] Ensure no security groups allow ingress from 0.0.0.0:0 to port -1" classname="/modules/security/security_groups.tf.module.security.aws_security_group.backend" file="/modules/security/security_groups.tf"/>
		<testcase name="[NONE][CKV_AWS_25] Ensure no security groups allow ingress from 0.0.0.0:0 to port 3389" classname="/modules/security/security_groups.tf.module.security.aws_security_group.backend" file="/modules/security/security_groups.tf"/>
		<testcase name="[NONE][CKV_AWS_23] Ensure every security group and rule has a description" classname="/modules/security/security_groups.tf.module.security.aws_security_group.backend" file="/modules/security/security_groups.tf"/>
		<testcase name="[NONE][CKV_AWS_24] Ensure no security groups allow ingress from 0.0.0.0:0 to port 22" classname="/modules/security/security_groups.tf.module.security.aws_security_group.backend" file="/modules/security/security_groups.tf"/>
		<testcase name="[NONE][CKV_AWS_382] Ensure no security groups allow egress from 0.0.0.0:0 to port -1" classname="/modules/security/security_groups.tf.module.security.aws_security_group.database" file="/modules/security/security_groups.tf"/>
		<testcase name="[NONE][CKV_AWS_260] Ensure no security groups allow ingress from 0.0.0.0:0 to port 80" classname="/modules/security/security_groups.tf.module.security.aws_security_group.database" file="/modules/security/security_groups.tf"/>
		<testcase name="[NONE][CKV_AWS_277] Ensure no security groups allow ingress from 0.0.0.0:0 to port -1" classname="/modules/security/security_groups.tf.module.security.aws_security_group.database" file="/modules/security/security_groups.tf"/>
		<testcase name="[NONE][CKV_AWS_25] Ensure no security groups allow ingress from 0.0.0.0:0 to port 3389" classname="/modules/security/security_groups.tf.module.security.aws_security_group.database" file="/modules/security/security_groups.tf"/>
		<testcase name="[NONE][CKV_AWS_23] Ensure every security group and rule has a description" classname="/modules/security/security_groups.tf.module.security.aws_security_group.database" file="/modules/security/security_groups.tf"/>
		<testcase name="[NONE][CKV_AWS_24] Ensure no security groups allow ingress from 0.0.0.0:0 to port 22" classname="/modules/security/security_groups.tf.module.security.aws_security_group.database" file="/modules/security/security_groups.tf"/>
		<testcase name="[NONE][CKV_AWS_382] Ensure no security groups allow egress from 0.0.0.0:0 to port -1" classname="/modules/security/security_groups.tf.module.security.aws_security_group.redis" file="/modules/security/security_groups.tf"/>
		<testcase name="[NONE][CKV_AWS_260] Ensure no security groups allow ingress from 0.0.0.0:0 to port 80" classname="/modules/security/security_groups.tf.module.security.aws_security_group.redis" file="/modules/security/security_groups.tf"/>
		<testcase name="[NONE][CKV_AWS_277] Ensure no security groups allow ingress from 0.0.0.0:0 to port -1" classname="/modules/security/security_groups.tf.module.security.aws_security_group.redis" file="/modules/security/security_groups.tf"/>
		<testcase name="[NONE][CKV_AWS_25] Ensure no security groups allow ingress from 0.0.0.0:0 to port 3389" classname="/modules/security/security_groups.tf.module.security.aws_security_group.redis" file="/modules/security/security_groups.tf"/>
		<testcase name="[NONE][CKV_AWS_23] Ensure every security group and rule has a description" classname="/modules/security/security_groups.tf.module.security.aws_security_group.redis" file="/modules/security/security_groups.tf"/>
		<testcase name="[NONE][CKV_AWS_24] Ensure no security groups allow ingress from 0.0.0.0:0 to port 22" classname="/modules/security/security_groups.tf.module.security.aws_security_group.redis" file="/modules/security/security_groups.tf"/>
		<testcase name="[NONE][CKV_AWS_277] Ensure no security groups allow ingress from 0.0.0.0:0 to port -1" classname="/modules/security/security_groups.tf.module.security.aws_vpc_security_group_ingress_rule.alb_http" file="/modules/security/security_groups.tf"/>
		<testcase name="[NONE][CKV_AWS_25] Ensure no security groups allow ingress from 0.0.0.0:0 to port 3389" classname="/modules/security/security_groups.tf.module.security.aws_vpc_security_group_ingress_rule.alb_http" file="/modules/security/security_groups.tf"/>
		<testcase name="[NONE][CKV_AWS_23] Ensure every security group and rule has a description" classname="/modules/security/security_groups.tf.module.security.aws_vpc_security_group_ingress_rule.alb_http" file="/modules/security/security_groups.tf"/>
		<testcase name="[NONE][CKV_AWS_24] Ensure no security groups allow ingress from 0.0.0.0:0 to port 22" classname="/modules/security/security_groups.tf.module.security.aws_vpc_security_group_ingress_rule.alb_http" file="/modules/security/security_groups.tf"/>
		<testcase name="[NONE][CKV_AWS_260] Ensure no security groups allow ingress from 0.0.0.0:0 to port 80" classname="/modules/security/security_groups.tf.module.security.aws_vpc_security_group_ingress_rule.alb_https" file="/modules/security/security_groups.tf"/>
		<testcase name="[NONE][CKV_AWS_277] Ensure no security groups allow ingress from 0.0.0.0:0 to port -1" classname="/modules/security/security_groups.tf.module.security.aws_vpc_security_group_ingress_rule.alb_https" file="/modules/security/security_groups.tf"/>
		<testcase name="[NONE][CKV_AWS_25] Ensure no security groups allow ingress from 0.0.0.0:0 to port 3389" classname="/modules/security/security_groups.tf.module.security.aws_vpc_security_group_ingress_rule.alb_https" file="/modules/security/security_groups.tf"/>
		<testcase name="[NONE][CKV_AWS_23] Ensure every security group and rule has a description" classname="/modules/security/security_groups.tf.module.security.aws_vpc_security_group_ingress_rule.alb_https" file="/modules/security/security_groups.tf"/>
		<testcase name="[NONE][CKV_AWS_24] Ensure no security groups allow ingress from 0.0.0.0:0 to port 22" classname="/modules/security/security_groups.tf.module.security.aws_vpc_security_group_ingress_rule.alb_https" file="/modules/security/security_groups.tf"/>
		<testcase name="[NONE][CKV_AWS_382] Ensure no security groups allow egress from 0.0.0.0:0 to port -1" classname="/modules/security/security_groups.tf.module.security.aws_vpc_security_group_egress_rule.alb_to_backend" file="/modules/security/security_groups.tf"/>
		<testcase name="[NONE][CKV_AWS_23] Ensure every security group and rule has a description" classname="/modules/security/security_groups.tf.module.security.aws_vpc_security_group_egress_rule.alb_to_backend" file="/modules/security/security_groups.tf"/>
		<testcase name="[NONE][CKV_AWS_260] Ensure no security groups allow ingress from 0.0.0.0:0 to port 80" classname="/modules/security/security_groups.tf.module.security.aws_vpc_security_group_ingress_rule.backend_from_alb" file="/modules/security/security_groups.tf"/>
		<testcase name="[NONE][CKV_AWS_277] Ensure no security groups allow ingress from 0.0.0.0:0 to port -1" classname="/modules/security/security_groups.tf.module.security.aws_vpc_security_group_ingress_rule.backend_from_alb" file="/modules/security/security_groups.tf"/>
		<testcase name="[NONE][CKV_AWS_25] Ensure no security groups allow ingress from 0.0.0.0:0 to port 3389" classname="/modules/security/security_groups.tf.module.security.aws_vpc_security_group_ingress_rule.backend_from_alb" file="/modules/security/security_groups.tf"/>
		<testcase name="[NONE][CKV_AWS_23] Ensure every security group and rule has a description" classname="/modules/security/security_groups.tf.module.security.aws_vpc_security_group_ingress_rule.backend_from_alb" file="/modules/security/security_groups.tf"/>
		<testcase name="[NONE][CKV_AWS_24] Ensure no security groups allow ingress from 0.0.0.0:0 to port 22" classname="/modules/security/security_groups.tf.module.security.aws_vpc_security_group_ingress_rule.backend_from_alb" file="/modules/security/security_groups.tf"/>
		<testcase name="[NONE][CKV_AWS_382] Ensure no security groups allow egress from 0.0.0.0:0 to port -1" classname="/modules/security/security_groups.tf.module.security.aws_vpc_security_group_egress_rule.backend_to_database" file="/modules/security/security_groups.tf"/>
		<testcase name="[NONE][CKV_AWS_23] Ensure every security group and rule has a description" classname="/modules/security/security_groups.tf.module.security.aws_vpc_security_group_egress_rule.backend_to_database" file="/modules/security/security_groups.tf"/>
		<testcase name="[NONE][CKV_AWS_260] Ensure no security groups allow ingress from 0.0.0.0:0 to port 80" classname="/modules/security/security_groups.tf.module.security.aws_vpc_security_group_ingress_rule.database_from_backend" file="/modules/security/security_groups.tf"/>
		<testcase name="[NONE][CKV_AWS_277] Ensure no security groups allow ingress from 0.0.0.0:0 to port -1" classname="/modules/security/security_groups.tf.module.security.aws_vpc_security_group_ingress_rule.database_from_backend" file="/modules/security/security_groups.tf"/>
		<testcase name="[NONE][CKV_AWS_25] Ensure no security groups allow ingress from 0.0.0.0:0 to port 3389" classname="/modules/security/security_groups.tf.module.security.aws_vpc_security_group_ingress_rule.database_from_backend" file="/modules/security/security_groups.tf"/>
		<testcase name="[NONE][CKV_AWS_23] Ensure every security group and rule has a description" classname="/modules/security/security_groups.tf.module.security.aws_vpc_security_group_ingress_rule.database_from_backend" file="/modules/security/security_groups.tf"/>
		<testcase name="[NONE][CKV_AWS_24] Ensure no security groups allow ingress from 0.0.0.0:0 to port 22" classname="/modules/security/security_groups.tf.module.security.aws_vpc_security_group_ingress_rule.database_from_backend" file="/modules/security/security_groups.tf"/>
		<testcase name="[NONE][CKV_AWS_382] Ensure no security groups allow egress from 0.0.0.0:0 to port -1" classname="/modules/security/security_groups.tf.module.security.aws_vpc_security_group_egress_rule.backend_to_redis" file="/modules/security/security_groups.tf"/>
		<testcase name="[NONE][CKV_AWS_23] Ensure every security group and rule has a description" classname="/modules/security/security_groups.tf.module.security.aws_vpc_security_group_egress_rule.backend_to_redis" file="/modules/security/security_groups.tf"/>
		<testcase name="[NONE][CKV_AWS_260] Ensure no security groups allow ingress from 0.0.0.0:0 to port 80" classname="/modules/security/security_groups.tf.module.security.aws_vpc_security_group_ingress_rule.redis_from_backend" file="/modules/security/security_groups.tf"/>
		<testcase name="[NONE][CKV_AWS_277] Ensure no security groups allow ingress from 0.0.0.0:0 to port -1" classname="/modules/security/security_groups.tf.module.security.aws_vpc_security_group_ingress_rule.redis_from_backend" file="/modules/security/security_groups.tf"/>
		<testcase name="[NONE][CKV_AWS_25] Ensure no security groups allow ingress from 0.0.0.0:0 to port 3389" classname="/modules/security/security_groups.tf.module.security.aws_vpc_security_group_ingress_rule.redis_from_backend" file="/modules/security/security_groups.tf"/>
		<testcase name="[NONE][CKV_AWS_23] Ensure every security group and rule has a description" classname="/modules/security/security_groups.tf.module.security.aws_vpc_security_group_ingress_rule.redis_from_backend" file="/modules/security/security_groups.tf"/>
		<testcase name="[NONE][CKV_AWS_24] Ensure no security groups allow ingress from 0.0.0.0:0 to port 22" classname="/modules/security/security_groups.tf.module.security.aws_vpc_security_group_ingress_rule.redis_from_backend" file="/modules/security/security_groups.tf"/>
		<testcase name="[NONE][CKV_AWS_382] Ensure no security groups allow egress from 0.0.0.0:0 to port -1" classname="/modules/security/security_groups.tf.module.security.aws_vpc_security_group_egress_rule.backend_to_https" file="/modules/security/security_groups.tf"/>
		<testcase name="[NONE][CKV_AWS_23] Ensure every security group and rule has a description" classname="/modules/security/security_groups.tf.module.security.aws_vpc_security_group_egress_rule.backend_to_https" file="/modules/security/security_groups.tf"/>
		<testcase name="[NONE][CKV_AWS_175] Ensure WAF has associated rules" classname="/modules/security/waf.tf.module.security.aws_wafv2_web_acl.regional" file="/modules/security/waf.tf"/>
		<testcase name="[NONE][CKV_AWS_342] Ensure WAF rule has any actions" classname="/modules/security/waf.tf.module.security.aws_wafv2_web_acl.regional" file="/modules/security/waf.tf"/>
		<testcase name="[NONE][CKV_AWS_175] Ensure WAF has associated rules" classname="/modules/security/waf.tf.module.security.aws_wafv2_web_acl.cloudfront" file="/modules/security/waf.tf"/>
		<testcase name="[NONE][CKV_AWS_342] Ensure WAF rule has any actions" classname="/modules/security/waf.tf.module.security.aws_wafv2_web_acl.cloudfront" file="/modules/security/waf.tf"/>
		<testcase name="[NONE][CKV_AWS_338] Ensure CloudWatch log groups retains logs for at least 1 year" classname="/modules/security/waf.tf.module.security.aws_cloudwatch_log_group.regional_waf" file="/modules/security/waf.tf"/>
		<testcase name="[NONE][CKV_AWS_66] Ensure that CloudWatch Log Group specifies retention days" classname="/modules/security/waf.tf.module.security.aws_cloudwatch_log_group.regional_waf" file="/modules/security/waf.tf"/>
		<testcase name="[NONE][CKV_AWS_158] Ensure that CloudWatch Log Group is encrypted by KMS" classname="/modules/security/waf.tf.module.security.aws_cloudwatch_log_group.regional_waf" file="/modules/security/waf.tf"/>
		<testcase name="[NONE][CKV_AWS_338] Ensure CloudWatch log groups retains logs for at least 1 year" classname="/modules/security/waf.tf.module.security.aws_cloudwatch_log_group.cloudfront_waf" file="/modules/security/waf.tf"/>
		<testcase name="[NONE][CKV_AWS_66] Ensure that CloudWatch Log Group specifies retention days" classname="/modules/security/waf.tf.module.security.aws_cloudwatch_log_group.cloudfront_waf" file="/modules/security/waf.tf"/>
		<testcase name="[NONE][CKV_AWS_158] Ensure that CloudWatch Log Group is encrypted by KMS" classname="/modules/security/waf.tf.module.security.aws_cloudwatch_log_group.cloudfront_waf" file="/modules/security/waf.tf"/>
		<testcase name="[NONE][CKV_AWS_93] Ensure S3 bucket policy does not lockout all but root user. (Prevent lockouts needing root account fixes)" classname="/modules/storage/main.tf.module.storage.aws_s3_bucket.documents" file="/modules/storage/main.tf"/>
		<testcase name="[NONE][CKV_AWS_56] Ensure S3 bucket has 'restrict_public_buckets' enabled" classname="/modules/storage/main.tf.module.storage.aws_s3_bucket_public_access_block.documents" file="/modules/storage/main.tf"/>
		<testcase name="[NONE][CKV_AWS_53] Ensure S3 bucket has block public ACLS enabled" classname="/modules/storage/main.tf.module.storage.aws_s3_bucket_public_access_block.documents" file="/modules/storage/main.tf"/>
		<testcase name="[NONE][CKV_AWS_55] Ensure S3 bucket has ignore public ACLs enabled" classname="/modules/storage/main.tf.module.storage.aws_s3_bucket_public_access_block.documents" file="/modules/storage/main.tf"/>
		<testcase name="[NONE][CKV_AWS_54] Ensure S3 bucket has block public policy enabled" classname="/modules/storage/main.tf.module.storage.aws_s3_bucket_public_access_block.documents" file="/modules/storage/main.tf"/>
		<testcase name="[NONE][CKV_AWS_300] Ensure S3 lifecycle configuration sets period for aborting failed uploads" classname="/modules/storage/main.tf.module.storage.aws_s3_bucket_lifecycle_configuration.documents" file="/modules/storage/main.tf"/>
		<testcase name="[NONE][CKV_AWS_41] Ensure no hard coded AWS access key and secret key exists in provider" classname="/providers.tf.aws.default" file="/providers.tf"/>
		<testcase name="[NONE][CKV_AWS_41] Ensure no hard coded AWS access key and secret key exists in provider" classname="/providers.tf.aws.us_east_1" file="/providers.tf"/>
		<testcase name="[NONE][CKV_AWS_41] Ensure no hard coded AWS access key and secret key exists in provider" classname="/providers.tf.aws.us-east-1" file="/providers.tf"/>
		<testcase name="[NONE][CKV2_AWS_42] Ensure AWS CloudFront distribution uses custom SSL certificate" classname="/modules/cdn/main.tf.module.cdn.aws_cloudfront_distribution.frontend" file="/modules/cdn/main.tf"/>
		<testcase name="[NONE][CKV2_AWS_50] Ensure AWS ElastiCache Redis cluster with Multi-AZ Automatic Failover feature set to enabled" classname="/modules/cache/main.tf.module.cache.aws_elasticache_replication_group.main" file="/modules/cache/main.tf"/>
		<testcase name="[NONE][CKV2_AWS_46] Ensure AWS CloudFront Distribution with S3 have Origin Access set to enabled" classname="/modules/cdn/main.tf.module.cdn.aws_cloudfront_distribution.frontend" file="/modules/cdn/main.tf"/>
		<testcase name="[NONE][CKV2_AWS_30] Ensure Postgres RDS as aws_db_instance has Query Logging enabled" classname="/modules/database/main.tf.module.database.aws_db_instance.main" file="/modules/database/main.tf"/>
		<testcase name="[NONE][CKV2_AWS_72] Ensure AWS CloudFront origin protocol policy enforces HTTPS-only" classname="/modules/cdn/main.tf.module.cdn.aws_cloudfront_distribution.frontend" file="/modules/cdn/main.tf"/>
		<testcase name="[NONE][CKV2_AWS_32] Ensure CloudFront distribution has a response headers policy attached" classname="/modules/cdn/main.tf.module.cdn.aws_cloudfront_distribution.frontend" file="/modules/cdn/main.tf"/>
		<testcase name="[NONE][CKV2_AWS_31] Ensure WAF2 has a Logging Configuration" classname="/modules/security/waf.tf.module.security.aws_wafv2_web_acl.regional" file="/modules/security/waf.tf"/>
		<testcase name="[NONE][CKV2_AWS_31] Ensure WAF2 has a Logging Configuration" classname="/modules/security/waf.tf.module.security.aws_wafv2_web_acl.cloudfront" file="/modules/security/waf.tf"/>
		<testcase name="[NONE][CKV2_AWS_62] Ensure S3 buckets should have event notifications enabled" classname="/modules/storage/main.tf.module.storage.aws_s3_bucket.documents" file="/modules/storage/main.tf"/>
		<testcase name="[NONE][CKV2_AWS_19] Ensure that all EIP addresses allocated to a VPC are attached to EC2 instances" classname="/modules/networking/nat_gateways.tf.module.networking.aws_eip.nat" file="/modules/networking/nat_gateways.tf"/>
		<testcase name="[NONE][CKV_AWS_21] Ensure all data stored in the S3 bucket have versioning enabled" classname="/modules/storage/main.tf.module.storage.aws_s3_bucket.documents" file="/modules/storage/main.tf"/>
		<testcase name="[NONE][CKV2_AWS_69] Ensure AWS RDS database instance configured with encryption in transit" classname="/modules/database/main.tf.module.database.aws_db_instance.main" file="/modules/database/main.tf"/>
		<testcase name="[NONE][CKV_AWS_20] S3 Bucket has an ACL defined which allows public READ access." classname="/modules/storage/main.tf.module.storage.aws_s3_bucket.documents" file="/modules/storage/main.tf"/>
		<testcase name="[NONE][CKV_AWS_19] Ensure all data stored in the S3 bucket is securely encrypted at rest" classname="/modules/storage/main.tf.module.storage.aws_s3_bucket.documents" file="/modules/storage/main.tf"/>
		<testcase name="[NONE][CKV2_AWS_56] Ensure AWS Managed IAMFullAccess IAM policy is not used." classname="/main.tf.aws_iam_role.vpc_flow_logs" file="/main.tf"/>
		<testcase name="[NONE][CKV2_AWS_56] Ensure AWS Managed IAMFullAccess IAM policy is not used." classname="/modules/backup/main.tf.module.backup.aws_iam_role_policy_attachment.backup_policy" file="/modules/backup/main.tf"/>
		<testcase name="[NONE][CKV2_AWS_56] Ensure AWS Managed IAMFullAccess IAM policy is not used." classname="/modules/backup/main.tf.module.backup.aws_iam_role_policy_attachment.restore_policy" file="/modules/backup/main.tf"/>
		<testcase name="[NONE][CKV2_AWS_56] Ensure AWS Managed IAMFullAccess IAM policy is not used." classname="/modules/backup/main.tf.module.backup.aws_iam_role_policy_attachment.s3_backup_policy" file="/modules/backup/main.tf"/>
		<testcase name="[NONE][CKV2_AWS_56] Ensure AWS Managed IAMFullAccess IAM policy is not used." classname="/modules/backup/main.tf.module.backup.aws_iam_role_policy_attachment.s3_restore_policy" file="/modules/backup/main.tf"/>
		<testcase name="[NONE][CKV2_AWS_56] Ensure AWS Managed IAMFullAccess IAM policy is not used." classname="/modules/database/main.tf.module.database.aws_iam_role_policy_attachment.rds_monitoring" file="/modules/database/main.tf"/>
		<testcase name="[NONE][CKV2_AWS_60] Ensure RDS instance with copy tags to snapshots is enabled" classname="/modules/database/main.tf.module.database.aws_db_instance.main" file="/modules/database/main.tf"/>
		<testcase name="[NONE][CKV2_AWS_34] AWS SSM Parameter should be Encrypted" classname="/modules/config/ssm_parameters.tf.module.config.aws_ssm_parameter.config" file="/modules/config/ssm_parameters.tf"/>
		<testcase name="[NONE][CKV2_AWS_54] Ensure AWS CloudFront distribution is using secure SSL protocols for HTTPS communication" classname="/modules/cdn/main.tf.module.cdn.aws_cloudfront_distribution.frontend" file="/modules/cdn/main.tf"/>
		<testcase name="[NONE][CKV2_AWS_44] Ensure AWS route table with VPC peering does not contain routes overly permissive to all traffic" classname="/modules/networking/route_tables.tf.module.networking.aws_route_table.public" file="/modules/networking/route_tables.tf"/>
		<testcase name="[NONE][CKV2_AWS_44] Ensure AWS route table with VPC peering does not contain routes overly permissive to all traffic" classname="/modules/networking/route_tables.tf.module.networking.aws_route.public_internet" file="/modules/networking/route_tables.tf"/>
		<testcase name="[NONE][CKV2_AWS_44] Ensure AWS route table with VPC peering does not contain routes overly permissive to all traffic" classname="/modules/networking/route_tables.tf.module.networking.aws_route_table.private" file="/modules/networking/route_tables.tf"/>
		<testcase name="[NONE][CKV2_AWS_44] Ensure AWS route table with VPC peering does not contain routes overly permissive to all traffic" classname="/modules/networking/route_tables.tf.module.networking.aws_route.private_nat" file="/modules/networking/route_tables.tf"/>
		<testcase name="[NONE][CKV_AWS_18] Ensure the S3 bucket has access logging enabled" classname="/modules/storage/main.tf.module.storage.aws_s3_bucket.documents" file="/modules/storage/main.tf"/>
		<testcase name="[NONE][CKV2_AWS_35] AWS NAT Gateways should be utilized for the default route" classname="/modules/networking/route_tables.tf.module.networking.aws_route_table.public" file="/modules/networking/route_tables.tf"/>
		<testcase name="[NONE][CKV2_AWS_35] AWS NAT Gateways should be utilized for the default route" classname="/modules/networking/route_tables.tf.module.networking.aws_route.public_internet" file="/modules/networking/route_tables.tf"/>
		<testcase name="[NONE][CKV2_AWS_35] AWS NAT Gateways should be utilized for the default route" classname="/modules/networking/route_tables.tf.module.networking.aws_route_table.private" file="/modules/networking/route_tables.tf"/>
		<testcase name="[NONE][CKV2_AWS_35] AWS NAT Gateways should be utilized for the default route" classname="/modules/networking/route_tables.tf.module.networking.aws_route.private_nat" file="/modules/networking/route_tables.tf"/>
		<testcase name="[NONE][CKV2_AWS_11] Ensure VPC flow logging is enabled in all VPCs" classname="/modules/networking/vpc.tf.module.networking.aws_vpc.main" file="/modules/networking/vpc.tf"/>
		<testcase name="[NONE][CKV_AWS_144] Ensure that S3 bucket has cross-region replication enabled" classname="/modules/storage/main.tf.module.storage.aws_s3_bucket.documents" file="/modules/storage/main.tf"/>
		<testcase name="[NONE][CKV2_AWS_61] Ensure that an S3 bucket has a lifecycle configuration" classname="/modules/storage/main.tf.module.storage.aws_s3_bucket.documents" file="/modules/storage/main.tf"/>
		<testcase name="[NONE][CKV_AWS_57] S3 Bucket has an ACL defined which allows public WRITE access." classname="/modules/storage/main.tf.module.storage.aws_s3_bucket.documents" file="/modules/storage/main.tf"/>
		<testcase name="[NONE][CKV2_AWS_6] Ensure that S3 bucket has a Public Access block" classname="/modules/storage/main.tf.module.storage.aws_s3_bucket.documents" file="/modules/storage/main.tf"/>
		<testcase name="[NONE][CKV_AWS_145] Ensure that S3 buckets are encrypted with KMS by default" classname="/modules/storage/main.tf.module.storage.aws_s3_bucket.documents" file="/modules/storage/main.tf"/>
		<testcase name="[NONE][CKV2_AWS_64] Ensure KMS key Policy is defined" classname="/modules/security/kms.tf.module.security.aws_kms_key.main" file="/modules/security/kms.tf"/>
		<testcase name="[NONE][CKV2_AWS_12] Ensure the default security group of every VPC restricts all traffic" classname="/modules/networking/vpc.tf.module.networking.aws_vpc.main" file="/modules/networking/vpc.tf"/>
		<testcase name="[NONE][CKV2_AWS_40] Ensure AWS IAM policy does not allow full IAM privileges" classname="/main.tf.aws_iam_role_policy.vpc_flow_logs" file="/main.tf"/>
		<testcase name="[NONE][CKV2_AWS_40] Ensure AWS IAM policy does not allow full IAM privileges" classname="/modules/backup/main.tf.module.backup.aws_iam_policy_document.backup_assume_role" file="/modules/backup/main.tf"/>
		<testcase name="[NONE][CKV2_AWS_40] Ensure AWS IAM policy does not allow full IAM privileges" classname="/modules/config/secrets.tf.module.config.aws_iam_policy_document.secrets_read_access" file="/modules/config/secrets.tf"/>
		<testcase name="[NONE][CKV2_AWS_40] Ensure AWS IAM policy does not allow full IAM privileges" classname="/modules/config/ssm_parameters.tf.module.config.aws_iam_policy_document.ssm_read_access" file="/modules/config/ssm_parameters.tf"/>
		<testcase name="[NONE][CKV_AWS_310] Ensure CloudFront distributions should have origin failover configured" classname="/modules/cdn/main.tf.module.cdn.aws_cloudfront_distribution.frontend" file="/modules/cdn/main.tf">
			<failure type="failure" message="Ensure CloudFront distributions should have origin failover configured">
Resource: module.cdn.aws_cloudfront_distribution.frontend
File: /modules/cdn/main.tf: 27-97
Guideline: https://docs.prismacloud.io/en/enterprise-edition/policy-reference/aws-policies/aws-general-policies/bc-aws-310

		Code lines for this resource are too many. Please use IDE of your choice to review the file.</failure>
		</testcase>
		<testcase name="[NONE][CKV2_AWS_47] Ensure AWS CloudFront attached WAFv2 WebACL is configured with AMR for Log4j Vulnerability" classname="/modules/cdn/main.tf.module.cdn.aws_cloudfront_distribution.frontend" file="/modules/cdn/main.tf">
			<failure type="failure" message="Ensure AWS CloudFront attached WAFv2 WebACL is configured with AMR for Log4j Vulnerability">
Resource: module.cdn.aws_cloudfront_distribution.frontend
File: /modules/cdn/main.tf: 27-97
Guideline: https://docs.prismacloud.io/en/enterprise-edition/policy-reference/aws-policies/aws-general-policies/bc-aws-general-47

		Code lines for this resource are too many. Please use IDE of your choice to review the file.</failure>
		</testcase>
		<testcase name="[NONE][CKV_AWS_260] Ensure no security groups allow ingress from 0.0.0.0:0 to port 80" classname="/modules/security/security_groups.tf.module.security.aws_vpc_security_group_ingress_rule.alb_http" file="/modules/security/security_groups.tf">
			<skipped type="skipped" message=" &quot;El ALB necesita recibir tráfico HTTP abierto para poder redirigirlo a HTTPS&quot;"/>
		</testcase>
		<testcase name="[NONE][CKV2_AWS_57] Ensure Secrets Manager secrets should have automatic rotation enabled" classname="/modules/config/secrets.tf.module.config.aws_secretsmanager_secret.api_keys" file="/modules/config/secrets.tf">
			<skipped type="skipped" message=" Las claves de proveedores externos se gestionan en sus respectivos portales; AWS no tiene control para rotarlas automáticamente."/>
		</testcase>
		<testcase name="[NONE][CKV2_AWS_57] Ensure Secrets Manager secrets should have automatic rotation enabled" classname="/modules/config/secrets.tf.module.config.aws_secretsmanager_secret.jwt_config" file="/modules/config/secrets.tf">
			<skipped type="skipped" message=" La rotación dinámica del secreto JWT sin manejo de estado invalidaría abruptamente las sesiones activas de los usuarios."/>
		</testcase>
		<testcase name="[NONE][CKV2_AWS_57] Ensure Secrets Manager secrets should have automatic rotation enabled" classname="/modules/config/secrets.tf.module.config.aws_secretsmanager_secret.database" file="/modules/config/secrets.tf">
			<skipped type="skipped" message=" La rotación automatizada interrumpiría las conexiones persistentes de los contenedores; se asume como procedimiento operativo administrado."/>
		</testcase>
		<testcase name="[NONE][CKV2_AWS_5] Ensure that Security Groups are attached to another resource" classname="/modules/security/security_groups.tf.module.security.aws_security_group.alb" file="/modules/security/security_groups.tf">
			<skipped type="skipped" message=" &quot;Este SG se exporta y asocia dinámicamente en el módulo principal o módulos dependientes&quot;"/>
		</testcase>
		<testcase name="[NONE][CKV2_AWS_5] Ensure that Security Groups are attached to another resource" classname="/modules/security/security_groups.tf.module.security.aws_security_group.backend" file="/modules/security/security_groups.tf">
			<skipped type="skipped" message=" &quot;Este SG se exporta y asocia dinámicamente en el módulo principal o módulos dependientes&quot;"/>
		</testcase>
		<testcase name="[NONE][CKV2_AWS_5] Ensure that Security Groups are attached to another resource" classname="/modules/security/security_groups.tf.module.security.aws_security_group.database" file="/modules/security/security_groups.tf">
			<skipped type="skipped" message=" &quot;Este SG se exporta y asocia dinámicamente en el módulo principal o módulos dependientes&quot;"/>
		</testcase>
		<testcase name="[NONE][CKV2_AWS_5] Ensure that Security Groups are attached to another resource" classname="/modules/security/security_groups.tf.module.security.aws_security_group.redis" file="/modules/security/security_groups.tf">
			<skipped type="skipped" message=" &quot;Este SG se exporta y asocia dinámicamente en el módulo principal o módulos dependientes&quot;"/>
		</testcase>
	</testsuite>
</testsuites>
